<?xml version="1.0" encoding="UTF-8"?>
<testsuite name="cn.edu.ncepu.researchplatform.ResearchplatformApplicationTests" tests="1" skipped="0" failures="0" errors="0" timestamp="2021-05-13T05:20:05" hostname="DESKTOP-ETKGPJD" time="0.5">
  <properties/>
  <testcase name="contextLoads()" classname="cn.edu.ncepu.researchplatform.ResearchplatformApplicationTests" time="0.5"/>
  <system-out><![CDATA[13:19:59.055 [Test worker] DEBUG org.springframework.test.context.BootstrapUtils - Instantiating CacheAwareContextLoaderDelegate from class [org.springframework.test.context.cache.DefaultCacheAwareContextLoaderDelegate]
13:19:59.071 [Test worker] DEBUG org.springframework.test.context.BootstrapUtils - Instantiating BootstrapContext using constructor [public org.springframework.test.context.support.DefaultBootstrapContext(java.lang.Class,org.springframework.test.context.CacheAwareContextLoaderDelegate)]
13:19:59.108 [Test worker] DEBUG org.springframework.test.context.BootstrapUtils - Instantiating TestContextBootstrapper for test class [cn.edu.ncepu.researchplatform.ResearchplatformApplicationTests] from class [org.springframework.boot.test.context.SpringBootTestContextBootstrapper]
13:19:59.121 [Test worker] INFO org.springframework.boot.test.context.SpringBootTestContextBootstrapper - Neither @ContextConfiguration nor @ContextHierarchy found for test class [cn.edu.ncepu.researchplatform.ResearchplatformApplicationTests], using SpringBootContextLoader
13:19:59.133 [Test worker] DEBUG org.springframework.test.context.support.AbstractContextLoader - Did not detect default resource location for test class [cn.edu.ncepu.researchplatform.ResearchplatformApplicationTests]: class path resource [cn/edu/ncepu/researchplatform/ResearchplatformApplicationTests-context.xml] does not exist
13:19:59.133 [Test worker] DEBUG org.springframework.test.context.support.AbstractContextLoader - Did not detect default resource location for test class [cn.edu.ncepu.researchplatform.ResearchplatformApplicationTests]: class path resource [cn/edu/ncepu/researchplatform/ResearchplatformApplicationTestsContext.groovy] does not exist
13:19:59.134 [Test worker] INFO org.springframework.test.context.support.AbstractContextLoader - Could not detect default resource locations for test class [cn.edu.ncepu.researchplatform.ResearchplatformApplicationTests]: no resource found for suffixes {-context.xml, Context.groovy}.
13:19:59.134 [Test worker] INFO org.springframework.test.context.support.AnnotationConfigContextLoaderUtils - Could not detect default configuration classes for test class [cn.edu.ncepu.researchplatform.ResearchplatformApplicationTests]: ResearchplatformApplicationTests does not declare any static, non-private, non-final, nested classes annotated with @Configuration.
13:19:59.184 [Test worker] DEBUG org.springframework.test.context.support.ActiveProfilesUtils - Could not find an 'annotation declaring class' for annotation type [org.springframework.test.context.ActiveProfiles] and class [cn.edu.ncepu.researchplatform.ResearchplatformApplicationTests]
13:19:59.259 [Test worker] DEBUG org.springframework.context.annotation.ClassPathScanningCandidateComponentProvider - Identified candidate component class: file [D:\WorkSpace\researchplatform\build\classes\java\main\cn\edu\ncepu\researchplatform\ResearchplatformApplication.class]
13:19:59.260 [Test worker] DEBUG org.springframework.context.annotation.ClassPathScanningCandidateComponentProvider - Identified candidate component class: file [D:\WorkSpace\researchplatform\build\classes\groovy\main\cn\edu\ncepu\researchplatform\ResearchplatformApplication.class]
13:19:59.261 [Test worker] INFO org.springframework.boot.test.context.SpringBootTestContextBootstrapper - Found @SpringBootConfiguration cn.edu.ncepu.researchplatform.ResearchplatformApplication for test class cn.edu.ncepu.researchplatform.ResearchplatformApplicationTests
13:19:59.360 [Test worker] DEBUG org.springframework.boot.test.context.SpringBootTestContextBootstrapper - @TestExecutionListeners is not present for class [cn.edu.ncepu.researchplatform.ResearchplatformApplicationTests]: using defaults.
13:19:59.361 [Test worker] INFO org.springframework.boot.test.context.SpringBootTestContextBootstrapper - Loaded default TestExecutionListener class names from location [META-INF/spring.factories]: [org.springframework.security.test.context.support.WithSecurityContextTestExecutionListener, org.springframework.security.test.context.support.ReactorContextTestExecutionListener, org.springframework.boot.test.autoconfigure.restdocs.RestDocsTestExecutionListener, org.springframework.boot.test.autoconfigure.web.client.MockRestServiceServerResetTestExecutionListener, org.springframework.boot.test.autoconfigure.web.servlet.MockMvcPrintOnlyOnFailureTestExecutionListener, org.springframework.boot.test.autoconfigure.web.servlet.WebDriverTestExecutionListener, org.springframework.boot.test.autoconfigure.webservices.client.MockWebServiceServerTestExecutionListener, org.springframework.boot.test.mock.mockito.MockitoTestExecutionListener, org.springframework.boot.test.mock.mockito.ResetMocksTestExecutionListener, org.springframework.test.context.web.ServletTestExecutionListener, org.springframework.test.context.support.DirtiesContextBeforeModesTestExecutionListener, org.springframework.test.context.event.ApplicationEventsTestExecutionListener, org.springframework.test.context.support.DependencyInjectionTestExecutionListener, org.springframework.test.context.support.DirtiesContextTestExecutionListener, org.springframework.test.context.transaction.TransactionalTestExecutionListener, org.springframework.test.context.jdbc.SqlScriptsTestExecutionListener, org.springframework.test.context.event.EventPublishingTestExecutionListener]
13:19:59.382 [Test worker] INFO org.springframework.boot.test.context.SpringBootTestContextBootstrapper - Using TestExecutionListeners: [org.springframework.test.context.web.ServletTestExecutionListener@1b23f0a, org.springframework.test.context.support.DirtiesContextBeforeModesTestExecutionListener@6d2ab90, org.springframework.test.context.event.ApplicationEventsTestExecutionListener@112566b7, org.springframework.boot.test.mock.mockito.MockitoTestExecutionListener@462cd80b, org.springframework.boot.test.autoconfigure.SpringBootDependencyInjectionTestExecutionListener@5676e5ab, org.springframework.test.context.support.DirtiesContextTestExecutionListener@456b5ade, org.springframework.test.context.transaction.TransactionalTestExecutionListener@7fc19c1a, org.springframework.test.context.jdbc.SqlScriptsTestExecutionListener@5f8def69, org.springframework.security.test.context.support.WithSecurityContextTestExecutionListener@3eb7028e, org.springframework.test.context.event.EventPublishingTestExecutionListener@2115122c, org.springframework.security.test.context.support.ReactorContextTestExecutionListener@52c77b58, org.springframework.boot.test.autoconfigure.restdocs.RestDocsTestExecutionListener@620130ce, org.springframework.boot.test.autoconfigure.web.client.MockRestServiceServerResetTestExecutionListener@6424fd72, org.springframework.boot.test.autoconfigure.web.servlet.MockMvcPrintOnlyOnFailureTestExecutionListener@6d2907a8, org.springframework.boot.test.autoconfigure.web.servlet.WebDriverTestExecutionListener@4ddbcee, org.springframework.boot.test.autoconfigure.webservices.client.MockWebServiceServerTestExecutionListener@6fb17bfb, org.springframework.boot.test.mock.mockito.ResetMocksTestExecutionListener@2c3dc412]
13:19:59.386 [Test worker] DEBUG org.springframework.test.context.support.AbstractDirtiesContextTestExecutionListener - Before test class: context [DefaultTestContext@72f36026 testClass = ResearchplatformApplicationTests, testInstance = [null], testMethod = [null], testException = [null], mergedContextConfiguration = [WebMergedContextConfiguration@10a0c0ac testClass = ResearchplatformApplicationTests, locations = '{}', classes = '{class cn.edu.ncepu.researchplatform.ResearchplatformApplication}', contextInitializerClasses = '[]', activeProfiles = '{}', propertySourceLocations = '{}', propertySourceProperties = '{org.springframework.boot.test.context.SpringBootTestContextBootstrapper=true}', contextCustomizers = set[org.springframework.boot.test.autoconfigure.actuate.metrics.MetricsExportContextCustomizerFactory$DisableMetricExportContextCustomizer@7f773f0f, org.springframework.boot.test.autoconfigure.properties.PropertyMappingContextCustomizer@0, org.springframework.boot.test.autoconfigure.web.servlet.WebDriverContextCustomizerFactory$Customizer@51bebdef, org.springframework.boot.test.context.filter.ExcludeFilterContextCustomizer@1ac03805, org.springframework.boot.test.json.DuplicateJsonObjectContextCustomizerFactory$DuplicateJsonObjectContextCustomizer@7f6972b4, org.springframework.boot.test.mock.mockito.MockitoContextCustomizer@0, org.springframework.boot.test.web.client.TestRestTemplateContextCustomizer@16e1f062, org.springframework.boot.test.context.SpringBootTestArgs@1, org.springframework.boot.test.context.SpringBootTestWebEnvironment@601759cf], resourceBasePath = 'src/main/webapp', contextLoader = 'org.springframework.boot.test.context.SpringBootContextLoader', parent = [null]], attributes = map['org.springframework.test.context.web.ServletTestExecutionListener.activateListener' -> true]], class annotated with @DirtiesContext [false] with mode [null].
13:19:59.414 [Test worker] DEBUG org.springframework.test.context.support.TestPropertySourceUtils - Adding inlined properties to environment: {spring.jmx.enabled=false, org.springframework.boot.test.context.SpringBootTestContextBootstrapper=true}
2021-05-13 13:19:59.758  INFO 2264 --- [    Test worker] c.e.n.r.ResearchplatformApplicationTests : Starting ResearchplatformApplicationTests using Java 1.8.0_202 on DESKTOP-ETKGPJD with PID 2264 (started by 22942 in D:\WorkSpace\researchplatform)
2021-05-13 13:19:59.759  INFO 2264 --- [    Test worker] c.e.n.r.ResearchplatformApplicationTests : The following profiles are active: dev
2021-05-13 13:20:01.358  INFO 2264 --- [    Test worker] trationDelegate$BeanPostProcessorChecker : Bean 'org.springframework.security.access.expression.method.DefaultMethodSecurityExpressionHandler@645bc773' of type [org.springframework.security.access.expression.method.DefaultMethodSecurityExpressionHandler] is not eligible for getting processed by all BeanPostProcessors (for example: not eligible for auto-proxying)
2021-05-13 13:20:01.372  INFO 2264 --- [    Test worker] trationDelegate$BeanPostProcessorChecker : Bean 'methodSecurityMetadataSource' of type [org.springframework.security.access.method.DelegatingMethodSecurityMetadataSource] is not eligible for getting processed by all BeanPostProcessors (for example: not eligible for auto-proxying)
2021-05-13 13:20:01.653  INFO 2264 --- [    Test worker] c.a.d.s.b.a.DruidDataSourceAutoConfigure : Init DruidDataSource
2021-05-13 13:20:02.516  INFO 2264 --- [    Test worker] com.alibaba.druid.pool.DruidDataSource   : {dataSource-1} inited
2021-05-13 13:20:03.786  INFO 2264 --- [    Test worker] o.s.s.concurrent.ThreadPoolTaskExecutor  : Initializing ExecutorService 'applicationTaskExecutor'
2021-05-13 13:20:04.030  WARN 2264 --- [    Test worker] ion$DefaultTemplateResolverConfiguration : Cannot find template location: classpath:/templates/ (please add some templates or check your Thymeleaf configuration)
2021-05-13 13:20:04.286  INFO 2264 --- [    Test worker] .s.s.UserDetailsServiceAutoConfiguration : 

Using generated security password: a7ab589e-2540-49fb-962b-93e70acc0ebc

2021-05-13 13:20:04.478  INFO 2264 --- [    Test worker] o.s.s.web.DefaultSecurityFilterChain     : Will secure any request with [org.springframework.security.web.context.request.async.WebAsyncManagerIntegrationFilter@4dde7e75, org.springframework.security.web.context.SecurityContextPersistenceFilter@203dc225, org.springframework.security.web.header.HeaderWriterFilter@2debc5, org.springframework.security.web.csrf.CsrfFilter@542d7b59, org.springframework.security.web.authentication.logout.LogoutFilter@3ad90cd8, org.springframework.security.web.savedrequest.RequestCacheAwareFilter@6249109, org.springframework.security.web.servletapi.SecurityContextHolderAwareRequestFilter@4f11d2f8, org.springframework.security.web.authentication.AnonymousAuthenticationFilter@7c202d28, org.springframework.security.web.session.SessionManagementFilter@6cae17d5, org.springframework.security.web.access.ExceptionTranslationFilter@26c0a4a9, org.springframework.security.web.access.intercept.FilterSecurityInterceptor@16cd0828]
2021-05-13 13:20:04.552  INFO 2264 --- [    Test worker] o.s.s.c.ThreadPoolTaskScheduler          : Initializing ExecutorService 'taskScheduler'
2021-05-13 13:20:05.199  INFO 2264 --- [    Test worker] c.e.n.r.ResearchplatformApplicationTests : Started ResearchplatformApplicationTests in 5.779 seconds (JVM running for 6.989)
[cn.edu.ncepu.researchplatform.entity.Area@bc3ea98, cn.edu.ncepu.researchplatform.entity.Area@465dbbfb]
]]></system-out>
  <system-err><![CDATA[]]></system-err>
</testsuite>
